0 info it worked if it ends with ok
1 verbose cli [ '/usr/local/bin/node', '/usr/local/bin/npm', 'run', 'start' ]
2 info using npm@6.14.12
3 info using node@v12.22.1
4 verbose run-script [ 'prestart', 'start', 'poststart' ]
5 info lifecycle week5@1.0.0~prestart: week5@1.0.0
6 info lifecycle week5@1.0.0~start: week5@1.0.0
7 verbose lifecycle week5@1.0.0~start: unsafe-perm in lifecycle true
8 verbose lifecycle week5@1.0.0~start: PATH: /usr/local/lib/node_modules/npm/node_modules/npm-lifecycle/node-gyp-bin:/home/ubuntu/week5/node_modules/.bin:/home/ubuntu/.gem/bin:/home/ubuntu/.local/bin:/home/ubuntu/.gem/bin:/home/ubuntu/.local/bin:/usr/local/lib/node_modules/npm/node_modules/npm-lifecycle/node-gyp-bin:/opt/c9/packages/cs50/node_modules/.bin:/opt/cs50/bin:/opt/bin:/usr/local/sbin:/usr/local/bin:/usr/sbin:/usr/bin:/sbin:/bin:/opt/n/bin
9 verbose lifecycle week5@1.0.0~start: CWD: /home/ubuntu/week5
10 silly lifecycle week5@1.0.0~start: Args: [ '-c', 'node index.js' ]
11 silly lifecycle week5@1.0.0~start: Returned: code: 1  signal: null
12 info lifecycle week5@1.0.0~start: Failed to exec start script
13 verbose stack Error: week5@1.0.0 start: `node index.js`
13 verbose stack Exit status 1
13 verbose stack     at EventEmitter.<anonymous> (/usr/local/lib/node_modules/npm/node_modules/npm-lifecycle/index.js:332:16)
13 verbose stack     at EventEmitter.emit (events.js:314:20)
13 verbose stack     at ChildProcess.<anonymous> (/usr/local/lib/node_modules/npm/node_modules/npm-lifecycle/lib/spawn.js:55:14)
13 verbose stack     at ChildProcess.emit (events.js:314:20)
13 verbose stack     at maybeClose (internal/child_process.js:1022:16)
13 verbose stack     at Process.ChildProcess._handle.onexit (internal/child_process.js:287:5)
14 verbose pkgid week5@1.0.0
15 verbose cwd /home/ubuntu/week5
16 verbose Linux 4.14.225-169.362.amzn2.x86_64
17 verbose argv "/usr/local/bin/node" "/usr/local/bin/npm" "run" "start"
18 verbose node v12.22.1
19 verbose npm  v6.14.12
20 error code ELIFECYCLE
21 error errno 1
22 error week5@1.0.0 start: `node index.js`
22 error Exit status 1
23 error Failed at the week5@1.0.0 start script.
23 error This is probably not a problem with npm. There is likely additional logging output above.
24 verbose exit [ 1, true ]
