0 info it worked if it ends with ok
1 verbose cli [
1 verbose cli   '/usr/local/bin/node',
1 verbose cli   '/usr/local/bin/npm',
1 verbose cli   'install',
1 verbose cli   'express',
1 verbose cli   'ejs',
1 verbose cli   'body-parseer'
1 verbose cli ]
2 info using npm@6.14.12
3 info using node@v12.22.1
4 verbose npm-session b726f2036b12053d
5 silly install loadCurrentTree
6 silly install readLocalPackageData
7 http fetch GET 304 https://registry.npmjs.org/ejs 129ms (from cache)
8 silly pacote range manifest for ejs@^3.1.6 fetched in 132ms
9 http fetch GET 304 https://registry.npmjs.org/express 135ms (from cache)
10 silly pacote tag manifest for express@latest fetched in 143ms
11 http fetch GET 404 https://registry.npmjs.org/body-parseer 449ms
12 http fetch GET 404 https://registry.npmjs.org/body-parseer 432ms
13 silly fetchPackageMetaData error for body-parseer@latest 404 Not Found - GET https://registry.npmjs.org/body-parseer - Not found
14 timing stage:rollbackFailedOptional Completed in 1ms
15 timing stage:runTopLevelLifecycles Completed in 1075ms
16 verbose stack Error: 404 Not Found - GET https://registry.npmjs.org/body-parseer - Not found
16 verbose stack     at /usr/local/lib/node_modules/npm/node_modules/npm-registry-fetch/check-response.js:117:15
16 verbose stack     at processTicksAndRejections (internal/process/task_queues.js:97:5)
17 verbose statusCode 404
18 verbose pkgid body-parseer@latest
19 verbose cwd /home/ubuntu/week5
20 verbose Linux 4.14.225-169.362.amzn2.x86_64
21 verbose argv "/usr/local/bin/node" "/usr/local/bin/npm" "install" "express" "ejs" "body-parseer"
22 verbose node v12.22.1
23 verbose npm  v6.14.12
24 error code E404
25 error 404 Not Found - GET https://registry.npmjs.org/body-parseer - Not found
26 error 404
27 error 404 'body-parseer@latest' is not in the npm registry.
28 error 404 You should bug the author to publish it (or use the name yourself!)
29 error 404 Note that you can also install from a
30 error 404 tarball, folder, http url, or git url.
31 verbose exit [ 1, true ]
